#
# A fatal error has been detected by the Java Runtime Environment:
#
#  EXCEPTION_ACCESS_VIOLATION (0xc0000005) at pc=0x0000000055ea8ad5, pid=10716, tid=9424
#
# JRE version: Java(TM) SE Runtime Environment (8.0_71-b15) (build 1.8.0_71-b15)
# Java VM: Java HotSpot(TM) 64-Bit Server VM (25.71-b15 mixed mode windows-amd64 compressed oops)
# Problematic frame:
# V  [jvm.dll+0x128ad5]
#
# Failed to write core dump. Minidumps are not enabled by default on client versions of Windows
#
# If you would like to submit a bug report, please visit:
#   http://bugreport.java.com/bugreport/crash.jsp
#

---------------  T H R E A D  ---------------

Current thread (0x000000001a127000):  JavaThread "JDWP Transport Listener: dt_socket" daemon [_thread_in_vm, id=9424, stack(0x000000001bae0000,0x000000001bbe0000)]

siginfo: ExceptionCode=0xc0000005, reading address 0xffffffffffffffff

Registers:
RAX=0x000000001bbdf001, RBX=0x000000001a127000, RCX=0x61636f4c246c6f6f, RDX=0x0000000000000000
RSP=0x000000001bbdf050, RBP=0x61636f4c246c6f6f, RSI=0x000000001bbdf168, RDI=0x0000000002e4dac0
R8 =0x000000001a127000, R9 =0x0000000000000001, R10=0x0000000000008000, R11=0x000000001bbdefa0
R12=0x0000000000000000, R13=0x000000001a11c178, R14=0x0000000000000000, R15=0x0000000000000000
RIP=0x0000000055ea8ad5, EFLAGS=0x0000000000010206

Top of Stack: (sp=0x000000001bbdf050)
0x000000001bbdf050:   000000001a127000 000000001a127000
0x000000001bbdf060:   000000001bbdf118 00000000560ae34b
0x000000001bbdf070:   000000001a127000 00000000560cabad
0x000000001bbdf080:   0000000000000000 00000000566f9155
0x000000001bbdf090:   000000001e5a9828 000000005670291e
0x000000001bbdf0a0:   000000001a127000 0000000000000000
0x000000001bbdf0b0:   0000000000000000 0000000000000000
0x000000001bbdf0c0:   61636f4c246c6f6f 0000000056701a15
0x000000001bbdf0d0:   000000001bbdf168 000000001bbdf140
0x000000001bbdf0e0:   0000000000000001 000000001e5a9828
0x000000001bbdf0f0:   61636f4c246c6f6f 00000000566e53b3
0x000000001bbdf100:   000000001bbdf230 0000000000000001
0x000000001bbdf110:   0000000000000001 000000001e5a9828
0x000000001bbdf120:   00000000f000100a 0000000000000000
0x000000001bbdf130:   0000000000000000 0000000000000000
0x000000001bbdf140:   0000000000000001 00000000566e5571 

Instructions: (pc=0x0000000055ea8ad5)
0x0000000055ea8ab5:   cc cc cc cc cc cc cc cc cc cc cc 48 83 ec 28 48
0x0000000055ea8ac5:   85 c9 75 07 33 c0 48 83 c4 28 c3 48 89 5c 24 20
0x0000000055ea8ad5:   48 8b 19 48 85 db 74 20 48 83 fb 37 74 1a 48 8b
0x0000000055ea8ae5:   13 48 8b cb ff 52 10 84 c0 74 0d 48 8b c3 48 8b 


Register to memory mapping:

RAX=0x000000001bbdf001 is pointing into the stack for thread: 0x000000001a127000
RBX=0x000000001a127000 is a thread
RCX=0x61636f4c246c6f6f is an unknown value
RDX=0x0000000000000000 is an unknown value
RSP=0x000000001bbdf050 is pointing into the stack for thread: 0x000000001a127000
RBP=0x61636f4c246c6f6f is an unknown value
RSI=0x000000001bbdf168 is pointing into the stack for thread: 0x000000001a127000
RDI=0x0000000002e4dac0 is an unknown value
R8 =0x000000001a127000 is a thread
R9 =0x0000000000000001 is an unknown value
R10=0x0000000000008000 is an unknown value
R11=0x000000001bbdefa0 is pointing into the stack for thread: 0x000000001a127000
R12=0x0000000000000000 is an unknown value
R13=0x000000001a11c178 is an unknown value
R14=0x0000000000000000 is an unknown value
R15=0x0000000000000000 is an unknown value


Stack: [0x000000001bae0000,0x000000001bbe0000],  sp=0x000000001bbdf050,  free space=1020k
Native frames: (J=compiled Java code, j=interpreted, Vv=VM code, C=native code)
V  [jvm.dll+0x128ad5]
V  [jvm.dll+0x34abad]
C  [jdwp.dll+0x21a15]
C  [jdwp.dll+0x53b3]
C  [jdwp.dll+0x5571]
C  [jdwp.dll+0xf0a8]
C  [jdwp.dll+0x1f2d5]
C  [jdwp.dll+0x1f4aa]
V  [jvm.dll+0x1bbb58]
V  [jvm.dll+0x243234]
V  [jvm.dll+0x29a10a]
C  [msvcr100.dll+0x21d9f]
C  [msvcr100.dll+0x21e3b]
C  [KERNEL32.DLL+0x17bd4]
C  [ntdll.dll+0x6ced1]


---------------  P R O C E S S  ---------------

Java Threads: ( => current thread )
  0x0000000021374000 JavaThread "RMI TCP Connection(idle)" daemon [_thread_blocked, id=2840, stack(0x00000000234f0000,0x00000000235f0000)]
  0x0000000021370000 JavaThread "DestroyJavaVM" [_thread_blocked, id=2440, stack(0x0000000002e50000,0x0000000002f50000)]
  0x0000000021372800 JavaThread "http-nio-8080-Acceptor" daemon [_thread_in_native, id=2904, stack(0x0000000022ef0000,0x0000000022ff0000)]
  0x0000000021367000 JavaThread "http-nio-8080-ClientPoller" daemon [_thread_in_native, id=6468, stack(0x0000000022df0000,0x0000000022ef0000)]
  0x000000002136b000 JavaThread "http-nio-8080-exec-10" daemon [_thread_blocked, id=3720, stack(0x0000000022cf0000,0x0000000022df0000)]
  0x0000000021368000 JavaThread "http-nio-8080-exec-9" daemon [_thread_blocked, id=6876, stack(0x0000000022bf0000,0x0000000022cf0000)]
  0x000000002136b800 JavaThread "http-nio-8080-exec-8" daemon [_thread_blocked, id=10720, stack(0x0000000022af0000,0x0000000022bf0000)]
  0x000000002136e000 JavaThread "http-nio-8080-exec-7" daemon [_thread_blocked, id=4988, stack(0x00000000229f0000,0x0000000022af0000)]
  0x000000002136a000 JavaThread "http-nio-8080-exec-6" daemon [_thread_blocked, id=9120, stack(0x00000000228f0000,0x00000000229f0000)]
  0x000000002136d000 JavaThread "http-nio-8080-exec-5" daemon [_thread_blocked, id=2760, stack(0x00000000227f0000,0x00000000228f0000)]
  0x0000000021368800 JavaThread "http-nio-8080-exec-4" daemon [_thread_blocked, id=9884, stack(0x00000000226f0000,0x00000000227f0000)]
  0x0000000021369800 JavaThread "http-nio-8080-exec-3" daemon [_thread_blocked, id=1444, stack(0x00000000225f0000,0x00000000226f0000)]
  0x000000002136c800 JavaThread "http-nio-8080-exec-2" daemon [_thread_blocked, id=2524, stack(0x00000000224f0000,0x00000000225f0000)]
  0x000000001e476800 JavaThread "http-nio-8080-exec-1" daemon [_thread_blocked, id=9624, stack(0x00000000223f0000,0x00000000224f0000)]
  0x000000001e475800 JavaThread "http-nio-8080-BlockPoller" daemon [_thread_in_native, id=7700, stack(0x00000000222f0000,0x00000000223f0000)]
  0x000000001e473800 JavaThread "HikariPool-1 housekeeper" daemon [_thread_blocked, id=6356, stack(0x0000000020520000,0x0000000020620000)]
  0x000000001e472000 JavaThread "PostgreSQL-JDBC-SharedTimer-1" daemon [_thread_blocked, id=988, stack(0x0000000020220000,0x0000000020320000)]
  0x000000001e472800 JavaThread "container-0" [_thread_blocked, id=8892, stack(0x0000000020020000,0x0000000020120000)]
  0x000000001e478000 JavaThread "Catalina-utility-2" [_thread_blocked, id=6868, stack(0x000000001ff20000,0x0000000020020000)]
  0x000000001e474000 JavaThread "Catalina-utility-1" [_thread_blocked, id=4076, stack(0x000000001db50000,0x000000001dc50000)]
  0x000000001ca39800 JavaThread "JMX server connection timeout 22" daemon [_thread_blocked, id=4696, stack(0x000000001da50000,0x000000001db50000)]
  0x000000001ca2e800 JavaThread "JMX server connection timeout 21" daemon [_thread_blocked, id=9728, stack(0x000000001d950000,0x000000001da50000)]
  0x000000001ca32000 JavaThread "RMI Scheduler(0)" daemon [_thread_blocked, id=5816, stack(0x000000001d550000,0x000000001d650000)]
  0x000000001c8f8000 JavaThread "RMI TCP Connection(idle)" daemon [_thread_blocked, id=2120, stack(0x000000001d1e0000,0x000000001d2e0000)]
  0x000000001c7b8800 JavaThread "RMI TCP Accept-0" daemon [_thread_in_native, id=7768, stack(0x000000001cfe0000,0x000000001d0e0000)]
  0x000000001c7a6000 JavaThread "RMI TCP Accept-50836" daemon [_thread_in_native, id=2732, stack(0x000000001cee0000,0x000000001cfe0000)]
  0x000000001c793800 JavaThread "RMI TCP Accept-0" daemon [_thread_in_native, id=7184, stack(0x000000001cde0000,0x000000001cee0000)]
  0x000000001c138800 JavaThread "Service Thread" daemon [_thread_blocked, id=7840, stack(0x000000001c4e0000,0x000000001c5e0000)]
  0x000000001a143800 JavaThread "C1 CompilerThread2" daemon [_thread_blocked, id=4040, stack(0x000000001bfe0000,0x000000001c0e0000)]
  0x000000001a142000 JavaThread "C2 CompilerThread1" daemon [_thread_blocked, id=10812, stack(0x000000001bee0000,0x000000001bfe0000)]
  0x000000001a13b000 JavaThread "C2 CompilerThread0" daemon [_thread_blocked, id=9776, stack(0x000000001bde0000,0x000000001bee0000)]
  0x000000001a12e000 JavaThread "JDWP Command Reader" daemon [_thread_in_native, id=3216, stack(0x000000001bce0000,0x000000001bde0000)]
  0x000000001a12b000 JavaThread "JDWP Event Helper Thread" daemon [_thread_blocked, id=3740, stack(0x000000001bbe0000,0x000000001bce0000)]
=>0x000000001a127000 JavaThread "JDWP Transport Listener: dt_socket" daemon [_thread_in_vm, id=9424, stack(0x000000001bae0000,0x000000001bbe0000)]
  0x000000001a114000 JavaThread "Attach Listener" daemon [_thread_blocked, id=7616, stack(0x000000001b6a0000,0x000000001b7a0000)]
  0x000000001a112800 JavaThread "Signal Dispatcher" daemon [_thread_blocked, id=9536, stack(0x000000001b5a0000,0x000000001b6a0000)]
  0x000000001a0d8800 JavaThread "Finalizer" daemon [_thread_blocked, id=4940, stack(0x000000001b380000,0x000000001b480000)]
  0x0000000003045800 JavaThread "Reference Handler" daemon [_thread_blocked, id=6772, stack(0x000000001b280000,0x000000001b380000)]

Other Threads:
  0x000000001a0d7800 VMThread [stack: 0x000000001b180000,0x000000001b280000] [id=8412]
  0x000000001c7bb800 WatcherThread [stack: 0x000000001d0e0000,0x000000001d1e0000] [id=1728]

VM state:not at safepoint (normal execution)

VM Mutex/Monitor currently owned by a thread: None

Heap:
 PSYoungGen      total 176128K, used 45595K [0x0000000780700000, 0x000000078e580000, 0x00000007c0000000)
  eden space 159744K, 18% used [0x0000000780700000,0x0000000782387740,0x000000078a300000)
  from space 16384K, 99% used [0x000000078a300000,0x000000078b2ff540,0x000000078b300000)
  to   space 19968K, 0% used [0x000000078d200000,0x000000078d200000,0x000000078e580000)
 ParOldGen       total 124928K, used 20031K [0x0000000701400000, 0x0000000708e00000, 0x0000000780700000)
  object space 124928K, 16% used [0x0000000701400000,0x000000070278fc10,0x0000000708e00000)
 Metaspace       used 56265K, capacity 58839K, committed 58920K, reserved 1099776K
  class space    used 7464K, capacity 7974K, committed 7984K, reserved 1048576K

Card table byte_map: [0x0000000012410000,0x0000000012a10000] byte_map_base: 0x000000000ec06000

Marking Bits: (ParMarkBitMap*) 0x000000005658f600
 Begin Bits: [0x0000000013210000, 0x00000000161c0000)
 End Bits:   [0x00000000161c0000, 0x0000000019170000)

Polling page: 0x0000000001100000

CodeCache: size=245760Kb used=10779Kb max_used=10779Kb free=234980Kb
 bounds [0x0000000003050000, 0x0000000003ae0000, 0x0000000012050000]
 total_blobs=6020 nmethods=5223 adapters=716
 compilation: enabled

Compilation events (10 events):
Event: 263.506 Thread 0x000000001a143800 5312       1       org.apache.coyote.AbstractProtocol$2::run (49 bytes)
Event: 263.507 Thread 0x000000001a143800 nmethod 5312 0x0000000003ad8550 code [0x0000000003ad86e0, 0x0000000003ad8938]
Event: 263.822 Thread 0x000000001a143800 5313       1       org.apache.catalina.webresources.CachedResource::getNextCheck (5 bytes)
Event: 263.823 Thread 0x000000001a143800 nmethod 5313 0x0000000003ad8ad0 code [0x0000000003ad8c20, 0x0000000003ad8d30]
Event: 265.492 Thread 0x000000001a143800 5314       1       org.apache.tomcat.util.net.NioEndpoint::access$000 (4 bytes)
Event: 265.493 Thread 0x000000001a143800 nmethod 5314 0x0000000003ad8d90 code [0x0000000003ad8ee0, 0x0000000003ad8fd0]
Event: 268.493 Thread 0x000000001a143800 5315       1       sun.nio.ch.SelectorImpl::keys (28 bytes)
Event: 268.494 Thread 0x000000001a143800 nmethod 5315 0x0000000003ad9050 code [0x0000000003ad91c0, 0x0000000003ad9398]
Event: 274.107 Thread 0x000000001a143800 5316       1       java.util.concurrent.ThreadPoolExecutor::beforeExecute (1 bytes)
Event: 274.107 Thread 0x000000001a143800 nmethod 5316 0x0000000003ad94d0 code [0x0000000003ad9620, 0x0000000003ad9730]

GC Heap History (10 events):
Event: 4.106 GC heap before
{Heap before GC invocations=7 (full 1):
 PSYoungGen      total 101376K, used 97163K [0x0000000780700000, 0x0000000788c00000, 0x00000007c0000000)
  eden space 93184K, 95% used [0x0000000780700000,0x0000000785de4b98,0x0000000786200000)
  from space 8192K, 99% used [0x0000000786200000,0x00000007869fe248,0x0000000786a00000)
  to   space 11776K, 0% used [0x0000000788080000,0x0000000788080000,0x0000000788c00000)
 ParOldGen       total 80896K, used 8830K [0x0000000701400000, 0x0000000706300000, 0x0000000780700000)
  object space 80896K, 10% used [0x0000000701400000,0x0000000701c9fa98,0x0000000706300000)
 Metaspace       used 33739K, capacity 35369K, committed 35496K, reserved 1079296K
  class space    used 4427K, capacity 4761K, committed 4784K, reserved 1048576K
Event: 4.131 GC heap after
Heap after GC invocations=7 (full 1):
 PSYoungGen      total 122880K, used 11174K [0x0000000780700000, 0x000000078ab80000, 0x00000007c0000000)
  eden space 111104K, 0% used [0x0000000780700000,0x0000000780700000,0x0000000787380000)
  from space 11776K, 94% used [0x0000000788080000,0x0000000788b69b88,0x0000000788c00000)
  to   space 13312K, 0% used [0x0000000787380000,0x0000000787380000,0x0000000788080000)
 ParOldGen       total 80896K, used 8902K [0x0000000701400000, 0x0000000706300000, 0x0000000780700000)
  object space 80896K, 11% used [0x0000000701400000,0x0000000701cb1aa8,0x0000000706300000)
 Metaspace       used 33739K, capacity 35369K, committed 35496K, reserved 1079296K
  class space    used 4427K, capacity 4761K, committed 4784K, reserved 1048576K
}
Event: 4.131 GC heap before
{Heap before GC invocations=8 (full 2):
 PSYoungGen      total 122880K, used 11174K [0x0000000780700000, 0x000000078ab80000, 0x00000007c0000000)
  eden space 111104K, 0% used [0x0000000780700000,0x0000000780700000,0x0000000787380000)
  from space 11776K, 94% used [0x0000000788080000,0x0000000788b69b88,0x0000000788c00000)
  to   space 13312K, 0% used [0x0000000787380000,0x0000000787380000,0x0000000788080000)
 ParOldGen       total 80896K, used 8902K [0x0000000701400000, 0x0000000706300000, 0x0000000780700000)
  object space 80896K, 11% used [0x0000000701400000,0x0000000701cb1aa8,0x0000000706300000)
 Metaspace       used 33739K, capacity 35369K, committed 35496K, reserved 1079296K
  class space    used 4427K, capacity 4761K, committed 4784K, reserved 1048576K
Event: 4.180 GC heap after
Heap after GC invocations=8 (full 2):
 PSYoungGen      total 122880K, used 0K [0x0000000780700000, 0x000000078ab80000, 0x00000007c0000000)
  eden space 111104K, 0% used [0x0000000780700000,0x0000000780700000,0x0000000787380000)
  from space 11776K, 0% used [0x0000000788080000,0x0000000788080000,0x0000000788c00000)
  to   space 13312K, 0% used [0x0000000787380000,0x0000000787380000,0x0000000788080000)
 ParOldGen       total 124928K, used 16990K [0x0000000701400000, 0x0000000708e00000, 0x0000000780700000)
  object space 124928K, 13% used [0x0000000701400000,0x0000000702497ae0,0x0000000708e00000)
 Metaspace       used 33739K, capacity 35369K, committed 35496K, reserved 1079296K
  class space    used 4427K, capacity 4761K, committed 4784K, reserved 1048576K
}
Event: 5.256 GC heap before
{Heap before GC invocations=9 (full 2):
 PSYoungGen      total 122880K, used 110285K [0x0000000780700000, 0x000000078ab80000, 0x00000007c0000000)
  eden space 111104K, 99% used [0x0000000780700000,0x00000007872b37e8,0x0000000787380000)
  from space 11776K, 0% used [0x0000000788080000,0x0000000788080000,0x0000000788c00000)
  to   space 13312K, 0% used [0x0000000787380000,0x0000000787380000,0x0000000788080000)
 ParOldGen       total 124928K, used 16990K [0x0000000701400000, 0x0000000708e00000, 0x0000000780700000)
  object space 124928K, 13% used [0x0000000701400000,0x0000000702497ae0,0x0000000708e00000)
 Metaspace       used 42432K, capacity 44135K, committed 44584K, reserved 1087488K
  class space    used 5726K, capacity 6078K, committed 6192K, reserved 1048576K
Event: 5.268 GC heap after
Heap after GC invocations=9 (full 2):
 PSYoungGen      total 124416K, used 11872K [0x0000000780700000, 0x000000078c380000, 0x00000007c0000000)
  eden space 111104K, 0% used [0x0000000780700000,0x0000000780700000,0x0000000787380000)
  from space 13312K, 89% used [0x0000000787380000,0x0000000787f183f0,0x0000000788080000)
  to   space 14848K, 0% used [0x000000078b500000,0x000000078b500000,0x000000078c380000)
 ParOldGen       total 124928K, used 16998K [0x0000000701400000, 0x0000000708e00000, 0x0000000780700000)
  object space 124928K, 13% used [0x0000000701400000,0x0000000702499ae0,0x0000000708e00000)
 Metaspace       used 42432K, capacity 44135K, committed 44584K, reserved 1087488K
  class space    used 5726K, capacity 6078K, committed 6192K, reserved 1048576K
}
Event: 21.959 GC heap before
{Heap before GC invocations=10 (full 2):
 PSYoungGen      total 124416K, used 122976K [0x0000000780700000, 0x000000078c380000, 0x00000007c0000000)
  eden space 111104K, 100% used [0x0000000780700000,0x0000000787380000,0x0000000787380000)
  from space 13312K, 89% used [0x0000000787380000,0x0000000787f183f0,0x0000000788080000)
  to   space 14848K, 0% used [0x000000078b500000,0x000000078b500000,0x000000078c380000)
 ParOldGen       total 124928K, used 16998K [0x0000000701400000, 0x0000000708e00000, 0x0000000780700000)
  object space 124928K, 13% used [0x0000000701400000,0x0000000702499ae0,0x0000000708e00000)
 Metaspace       used 50599K, capacity 52815K, committed 53032K, reserved 1095680K
  class space    used 6696K, capacity 7118K, committed 7216K, reserved 1048576K
Event: 21.974 GC heap after
Heap after GC invocations=10 (full 2):
 PSYoungGen      total 170496K, used 14109K [0x0000000780700000, 0x000000078c300000, 0x00000007c0000000)
  eden space 156160K, 0% used [0x0000000780700000,0x0000000780700000,0x0000000789f80000)
  from space 14336K, 98% used [0x000000078b500000,0x000000078c2c7418,0x000000078c300000)
  to   space 16384K, 0% used [0x000000078a300000,0x000000078a300000,0x000000078b300000)
 ParOldGen       total 124928K, used 17006K [0x0000000701400000, 0x0000000708e00000, 0x0000000780700000)
  object space 124928K, 13% used [0x0000000701400000,0x000000070249bae0,0x0000000708e00000)
 Metaspace       used 50599K, capacity 52815K, committed 53032K, reserved 1095680K
  class space    used 6696K, capacity 7118K, committed 7216K, reserved 1048576K
}
Event: 103.012 GC heap before
{Heap before GC invocations=11 (full 2):
 PSYoungGen      total 170496K, used 170269K [0x0000000780700000, 0x000000078c300000, 0x00000007c0000000)
  eden space 156160K, 100% used [0x0000000780700000,0x0000000789f80000,0x0000000789f80000)
  from space 14336K, 98% used [0x000000078b500000,0x000000078c2c7418,0x000000078c300000)
  to   space 16384K, 0% used [0x000000078a300000,0x000000078a300000,0x000000078b300000)
 ParOldGen       total 124928K, used 17006K [0x0000000701400000, 0x0000000708e00000, 0x0000000780700000)
  object space 124928K, 13% used [0x0000000701400000,0x000000070249bae0,0x0000000708e00000)
 Metaspace       used 56036K, capacity 58549K, committed 58664K, reserved 1099776K
  class space    used 7437K, capacity 7931K, committed 7984K, reserved 1048576K
Event: 103.030 GC heap after
Heap after GC invocations=11 (full 2):
 PSYoungGen      total 176128K, used 16381K [0x0000000780700000, 0x000000078e580000, 0x00000007c0000000)
  eden space 159744K, 0% used [0x0000000780700000,0x0000000780700000,0x000000078a300000)
  from space 16384K, 99% used [0x000000078a300000,0x000000078b2ff540,0x000000078b300000)
  to   space 19968K, 0% used [0x000000078d200000,0x000000078d200000,0x000000078e580000)
 ParOldGen       total 124928K, used 20031K [0x0000000701400000, 0x0000000708e00000, 0x0000000780700000)
  object space 124928K, 16% used [0x0000000701400000,0x000000070278fc10,0x0000000708e00000)
 Metaspace       used 56036K, capacity 58549K, committed 58664K, reserved 1099776K
  class space    used 7437K, capacity 7931K, committed 7984K, reserved 1048576K
}

Deoptimization events (0 events):
No events

Internal exceptions (10 events):
Event: 102.932 Thread 0x000000002136e000 Exception <a 'java/lang/StackOverflowError'> (0x0000000789dfc170) thrown at [C:\re\workspace\8-2-build-windows-amd64-cygwin\jdk8u71\5731\hotspot\src\share\vm\classfile\systemDictionary.cpp, line 1528]
Event: 102.933 Thread 0x000000002136e000 Exception <a 'java/lang/StackOverflowError'> (0x0000000789dfc170) thrown at [C:\re\workspace\8-2-build-windows-amd64-cygwin\jdk8u71\5731\hotspot\src\share\vm\prims\jvm.cpp, line 1390]
Event: 102.935 Thread 0x000000002136e000 Exception <a 'java/lang/StackOverflowError'> (0x0000000789e15990) thrown at [C:\re\workspace\8-2-build-windows-amd64-cygwin\jdk8u71\5731\hotspot\src\share\vm\runtime\javaCalls.cpp, line 386]
Event: 102.935 Thread 0x000000002136e000 Exception <a 'java/lang/StackOverflowError'> (0x0000000789e15990) thrown at [C:\re\workspace\8-2-build-windows-amd64-cygwin\jdk8u71\5731\hotspot\src\share\vm\classfile\systemDictionary.cpp, line 1528]
Event: 102.935 Thread 0x000000002136e000 Exception <a 'java/lang/StackOverflowError'> (0x0000000789e15990) thrown at [C:\re\workspace\8-2-build-windows-amd64-cygwin\jdk8u71\5731\hotspot\src\share\vm\prims\jvm.cpp, line 1390]
Event: 103.100 Thread 0x000000002136e000 Exception <a 'java/lang/ArrayIndexOutOfBoundsException'> (0x0000000780f0ef60) thrown at [C:\re\workspace\8-2-build-windows-amd64-cygwin\jdk8u71\5731\hotspot\src\share\vm\runtime\sharedRuntime.cpp, line 605]
Event: 115.780 Thread 0x0000000021368800 Exception <a 'java/lang/ArrayIndexOutOfBoundsException'> (0x00000007811c7e18) thrown at [C:\re\workspace\8-2-build-windows-amd64-cygwin\jdk8u71\5731\hotspot\src\share\vm\runtime\sharedRuntime.cpp, line 605]
Event: 115.791 Thread 0x0000000021368800 Exception <a 'java/lang/ArrayIndexOutOfBoundsException'> (0x00000007811ee4d0) thrown at [C:\re\workspace\8-2-build-windows-amd64-cygwin\jdk8u71\5731\hotspot\src\share\vm\runtime\sharedRuntime.cpp, line 605]
Event: 205.314 Thread 0x000000002136c800 StackOverflowError at 0x0000000003a49f00
Event: 205.315 Thread 0x000000002136c800 Exception <a 'java/lang/StackOverflowError'> (0x00000007814da340) thrown at [C:\re\workspace\8-2-build-windows-amd64-cygwin\jdk8u71\5731\hotspot\src\share\vm\runtime\sharedRuntime.cpp, line 605]

Events (10 events):
Event: 205.426 Thread 0x000000002136c800 DEOPT PACKING pc=0x0000000003ac7fff sp=0x00000000225ed8d0
Event: 205.426 Thread 0x000000002136c800 DEOPT UNPACKING pc=0x000000000309787f sp=0x00000000225ed668 mode 1
Event: 205.426 Thread 0x000000002136c800 DEOPT PACKING pc=0x0000000003a4ff34 sp=0x00000000225eda50
Event: 205.426 Thread 0x000000002136c800 DEOPT UNPACKING pc=0x000000000309787f sp=0x00000000225ed7b0 mode 1
Event: 244.433 Executing VM operation: RedefineClasses
Event: 244.458 Executing VM operation: RedefineClasses done
Event: 244.475 Executing VM operation: ChangeBreakpoints
Event: 244.477 Executing VM operation: ChangeBreakpoints done
Event: 274.400 Executing VM operation: RedefineClasses
Event: 274.428 Executing VM operation: RedefineClasses done


Dynamic libraries:
0x00007ff76cb40000 - 0x00007ff76cb77000 	C:\Program Files\Java\jre1.8.0_71\bin\javaw.exe
0x00007ffce5460000 - 0x00007ffce5650000 	C:\Windows\SYSTEM32\ntdll.dll
0x00007ffce3fd0000 - 0x00007ffce4082000 	C:\Windows\System32\KERNEL32.DLL
0x00007ffce2410000 - 0x00007ffce26b3000 	C:\Windows\System32\KERNELBASE.dll
0x00007ffce3a50000 - 0x00007ffce3af3000 	C:\Windows\System32\ADVAPI32.dll
0x00007ffce4910000 - 0x00007ffce49ae000 	C:\Windows\System32\msvcrt.dll
0x00007ffce4350000 - 0x00007ffce43e7000 	C:\Windows\System32\sechost.dll
0x00007ffce36b0000 - 0x00007ffce37d0000 	C:\Windows\System32\RPCRT4.dll
0x00007ffce3510000 - 0x00007ffce36a4000 	C:\Windows\System32\USER32.dll
0x00007ffce34b0000 - 0x00007ffce34d1000 	C:\Windows\System32\win32u.dll
0x00007ffce3840000 - 0x00007ffce3866000 	C:\Windows\System32\GDI32.dll
0x00007ffce29e0000 - 0x00007ffce2b74000 	C:\Windows\System32\gdi32full.dll
0x00007ffce2720000 - 0x00007ffce27be000 	C:\Windows\System32\msvcp_win.dll
0x00007ffce33b0000 - 0x00007ffce34aa000 	C:\Windows\System32\ucrtbase.dll
0x00007ffcd1900000 - 0x00007ffcd1b85000 	C:\Windows\WinSxS\amd64_microsoft.windows.common-controls_6595b64144ccf1df_6.0.18362.418_none_e6c6b287130d565d\COMCTL32.dll
0x00007ffce45d0000 - 0x00007ffce4906000 	C:\Windows\System32\combase.dll
0x00007ffce2960000 - 0x00007ffce29e0000 	C:\Windows\System32\bcryptPrimitives.dll
0x00007ffce4320000 - 0x00007ffce434e000 	C:\Windows\System32\IMM32.DLL
0x0000000056760000 - 0x0000000056832000 	C:\Program Files\Java\jre1.8.0_71\bin\msvcr100.dll
0x0000000055d80000 - 0x000000005660f000 	C:\Program Files\Java\jre1.8.0_71\bin\server\jvm.dll
0x00007ffce3a40000 - 0x00007ffce3a48000 	C:\Windows\System32\PSAPI.DLL
0x00007ffccc230000 - 0x00007ffccc239000 	C:\Windows\SYSTEM32\WSOCK32.dll
0x00007ffce4a30000 - 0x00007ffce4a9f000 	C:\Windows\System32\WS2_32.dll
0x00007ffcdfb50000 - 0x00007ffcdfb74000 	C:\Windows\SYSTEM32\WINMM.dll
0x00007ffcd90f0000 - 0x00007ffcd90fa000 	C:\Windows\SYSTEM32\VERSION.dll
0x00007ffcdfb20000 - 0x00007ffcdfb4d000 	C:\Windows\SYSTEM32\WINMMBASE.dll
0x00007ffce2910000 - 0x00007ffce295a000 	C:\Windows\System32\cfgmgr32.dll
0x0000000056750000 - 0x000000005675f000 	C:\Program Files\Java\jre1.8.0_71\bin\verify.dll
0x0000000056720000 - 0x0000000056749000 	C:\Program Files\Java\jre1.8.0_71\bin\java.dll
0x00000000566e0000 - 0x0000000056715000 	C:\Program Files\Java\jre1.8.0_71\bin\jdwp.dll
0x00000000566d0000 - 0x00000000566d8000 	C:\Program Files\Java\jre1.8.0_71\bin\npt.dll
0x00000000566b0000 - 0x00000000566c6000 	C:\Program Files\Java\jre1.8.0_71\bin\zip.dll
0x00007ffce4d30000 - 0x00007ffce5415000 	C:\Windows\System32\SHELL32.dll
0x00007ffce4520000 - 0x00007ffce45c9000 	C:\Windows\System32\shcore.dll
0x00007ffce2c30000 - 0x00007ffce33af000 	C:\Windows\System32\windows.storage.dll
0x00007ffce23d0000 - 0x00007ffce23ef000 	C:\Windows\System32\profapi.dll
0x00007ffce2380000 - 0x00007ffce23ca000 	C:\Windows\System32\powrprof.dll
0x00007ffce2330000 - 0x00007ffce2340000 	C:\Windows\System32\UMPDC.dll
0x00007ffce3b00000 - 0x00007ffce3b52000 	C:\Windows\System32\shlwapi.dll
0x00007ffce2360000 - 0x00007ffce2371000 	C:\Windows\System32\kernel.appcore.dll
0x00007ffce23f0000 - 0x00007ffce2407000 	C:\Windows\System32\cryptsp.dll
0x00000000566a0000 - 0x00000000566a9000 	C:\Program Files\Java\jre1.8.0_71\bin\dt_socket.dll
0x00007ffcc5290000 - 0x00007ffcc52a6000 	C:\Windows\system32\napinsp.dll
0x00007ffcc3080000 - 0x00007ffcc309a000 	C:\Windows\system32\pnrpnsp.dll
0x00007ffce1b40000 - 0x00007ffce1ba7000 	C:\Windows\System32\mswsock.dll
0x00007ffce1890000 - 0x00007ffce195a000 	C:\Windows\SYSTEM32\DNSAPI.dll
0x00007ffce4310000 - 0x00007ffce4318000 	C:\Windows\System32\NSI.dll
0x00007ffce1850000 - 0x00007ffce188a000 	C:\Windows\SYSTEM32\IPHLPAPI.DLL
0x00007ffcd1240000 - 0x00007ffcd124e000 	C:\Windows\System32\winrnr.dll
0x00007ffcdd980000 - 0x00007ffcdd99c000 	C:\Windows\system32\NLAapi.dll
0x00007ffcdcd30000 - 0x00007ffcdcd45000 	C:\Windows\system32\wshbth.dll
0x00007ffcd5130000 - 0x00007ffcd51a7000 	C:\Windows\System32\fwpuclnt.dll
0x00007ffce34e0000 - 0x00007ffce3506000 	C:\Windows\System32\bcrypt.dll
0x00007ffcd0f40000 - 0x00007ffcd0f4a000 	C:\Windows\System32\rasadhlp.dll
0x0000000056690000 - 0x000000005669d000 	C:\Program Files\Java\jre1.8.0_71\bin\management.dll
0x0000000055d60000 - 0x0000000055d7a000 	C:\Program Files\Java\jre1.8.0_71\bin\net.dll
0x0000000055d40000 - 0x0000000055d51000 	C:\Program Files\Java\jre1.8.0_71\bin\nio.dll
0x00007ffce16b0000 - 0x00007ffce16e3000 	C:\Windows\system32\rsaenh.dll
0x00007ffce2250000 - 0x00007ffce2275000 	C:\Windows\SYSTEM32\USERENV.dll
0x00007ffce1d10000 - 0x00007ffce1d1c000 	C:\Windows\SYSTEM32\CRYPTBASE.dll
0x00007ffcd5280000 - 0x00007ffcd5296000 	C:\Windows\SYSTEM32\dhcpcsvc6.DLL
0x00007ffcd8e00000 - 0x00007ffcd8e1c000 	C:\Windows\SYSTEM32\dhcpcsvc.DLL
0x00007ffce0c60000 - 0x00007ffce0e54000 	C:\Windows\SYSTEM32\dbghelp.dll

VM Arguments:
jvm_args: -agentlib:jdwp=transport=dt_socket,suspend=y,address=localhost:50837 -Dcom.sun.management.jmxremote -Dcom.sun.management.jmxremote.port=50836 -Dcom.sun.management.jmxremote.authenticate=false -Dcom.sun.management.jmxremote.ssl=false -Djava.rmi.server.hostname=localhost -Dspring.jmx.enabled=true -Dspring.application.admin.enabled=true -Xverify:none -XX:TieredStopAtLevel=1 -Dfile.encoding=UTF-8 
java_command: com.diesgut.medical.app.AppSpringbootApplication --spring.output.ansi.enabled=always
java_class_path (initial): C:\Users\arkin\Documents\workspace-spring-tool-suite-4-4.4.0.RELEASE\medical-app\target\classes;C:\Users\arkin\.m2\repository\org\springframework\boot\spring-boot-starter-thymeleaf\2.2.0.RELEASE\spring-boot-starter-thymeleaf-2.2.0.RELEASE.jar;C:\Users\arkin\.m2\repository\org\springframework\boot\spring-boot-starter\2.2.0.RELEASE\spring-boot-starter-2.2.0.RELEASE.jar;C:\Users\arkin\.m2\repository\org\springframework\boot\spring-boot\2.2.0.RELEASE\spring-boot-2.2.0.RELEASE.jar;C:\Users\arkin\.m2\repository\org\springframework\boot\spring-boot-autoconfigure\2.2.0.RELEASE\spring-boot-autoconfigure-2.2.0.RELEASE.jar;C:\Users\arkin\.m2\repository\org\springframework\boot\spring-boot-starter-logging\2.2.0.RELEASE\spring-boot-starter-logging-2.2.0.RELEASE.jar;C:\Users\arkin\.m2\repository\ch\qos\logback\logback-classic\1.2.3\logback-classic-1.2.3.jar;C:\Users\arkin\.m2\repository\ch\qos\logback\logback-core\1.2.3\logback-core-1.2.3.jar;C:\Users\arkin\.m2\repository\org\apache\logging\log4j\log4j-to-slf4j\2.12.1\log4j-to-slf4j-2.12.1.jar;C:\Users\arkin\.m2\repository\org\apache\logging\log4j\log4j-api\2.12.1\log4j-api-2.12.1.jar;C:\Users\arkin\.m2\repository\org\slf4j\jul-to-slf4j\1.7.28\jul-to-slf4j-1.7.28.jar;C:\Users\arkin\.m2\repository\jakarta\annotation\jakarta.annotation-api\1.3.5\jakarta.annotation-api-1.3.5.jar;C:\Users\arkin\.m2\repository\org\yaml\snakeyaml\1.25\snakeyaml-1.25.jar;C:\Users\arkin\.m2\repository\org\thymeleaf\thymeleaf-spring5\3.0.11.RELEASE\thymeleaf-spring5-3.0.11.RELEASE.jar;C:\Users\arkin\.m2\repository\org\slf4j\slf4j-api\1.7.28\slf4j-api-1.7.28.jar;C:\Users\arkin\.m2\repository\org\thymeleaf\extras\thymeleaf-extras-java8time\3.0.4.RELEASE\thymeleaf-extras-java8time-3.0.4.RELEASE.jar;C:\Users\arkin\.m2\repository\nz\net\ultraq\thymeleaf\thymeleaf-layout-dialect\2.3.0\thymeleaf-layout-dialect-2.3.0.jar;C:\Users\arkin\.m2\repository\nz\net\ultraq\thymeleaf\thymeleaf-expression-processor\1.1.3\thymeleaf-expression-pro
Launcher Type: SUN_STANDARD

Environment Variables:
JAVA_HOME=C:\Program Files\Java\jdk1.8.0_71
PATH=C:/Program Files/AdoptOpenJDK/jdk-8.0.232.09-hotspot/bin/../jre/bin/server;C:/Program Files/AdoptOpenJDK/jdk-8.0.232.09-hotspot/bin/../jre/bin;C:/Program Files/AdoptOpenJDK/jdk-8.0.232.09-hotspot/bin/../jre/lib/amd64;C:\Program Files\AdoptOpenJDK\jdk-8.0.232.09-hotspot\bin;C:\ProgramData\Oracle\Java\javapath;C:\Windows\system32;C:\Windows;C:\Windows\System32\Wbem;C:\Windows\System32\WindowsPowerShell\v1.0\;C:\Windows\System32\OpenSSH\;C:\Program Files\Java\jdk1.8.0_71\bin;C:\apache-maven-3.6.2\bin;C:\Program Files\Git\cmd;C:\Program Files\PostgreSQL\10\bin;C:\Program Files\PuTTY\;C:\Users\arkin\AppData\Local\Microsoft\WindowsApps;;C:\Users\arkin\AppData\Local\Programs\Microsoft VS Code\bin;C:\Program Files\eclipse_sts;
USERNAME=arkin
OS=Windows_NT
PROCESSOR_IDENTIFIER=Intel64 Family 6 Model 142 Stepping 9, GenuineIntel



---------------  S Y S T E M  ---------------

OS: Windows 10.0 , 64 bit Build 18362 (10.0.18362.329)

CPU:total 4 (2 cores per cpu, 2 threads per core) family 6 model 142 stepping 9, cmov, cx8, fxsr, mmx, sse, sse2, sse3, ssse3, sse4.1, sse4.2, popcnt, avx, avx2, aes, clmul, erms, 3dnowpref, lzcnt, ht, tsc, tscinvbit, bmi1, bmi2, adx

Memory: 4k page, physical 12497740k(8451548k free), swap 16429900k(11812564k free)

vm_info: Java HotSpot(TM) 64-Bit Server VM (25.71-b15) for windows-amd64 JRE (1.8.0_71-b15), built on Dec 22 2015 18:15:55 by "java_re" with MS VC++ 10.0 (VS2010)

time: Fri Nov 01 21:32:04 2019
elapsed time: 274 seconds (0d 0h 4m 34s)

