#
# A fatal error has been detected by the Java Runtime Environment:
#
#  EXCEPTION_ACCESS_VIOLATION (0xc0000005) at pc=0x000000005bbe8ad5, pid=6544, tid=7120
#
# JRE version: Java(TM) SE Runtime Environment (8.0_71-b15) (build 1.8.0_71-b15)
# Java VM: Java HotSpot(TM) 64-Bit Server VM (25.71-b15 mixed mode windows-amd64 compressed oops)
# Problematic frame:
# V  [jvm.dll+0x128ad5]
#
# Failed to write core dump. Minidumps are not enabled by default on client versions of Windows
#
# If you would like to submit a bug report, please visit:
#   http://bugreport.java.com/bugreport/crash.jsp
#

---------------  T H R E A D  ---------------

Current thread (0x0000000019a64800):  JavaThread "JDWP Transport Listener: dt_socket" daemon [_thread_in_vm, id=7120, stack(0x000000001b430000,0x000000001b530000)]

siginfo: ExceptionCode=0xc0000005, reading address 0xffffffffffffffff

Registers:
RAX=0x000000001b52f101, RBX=0x0000000019a64800, RCX=0x003b79003b79726f, RDX=0x0000000000000000
RSP=0x000000001b52f180, RBP=0x003b79003b79726f, RSI=0x000000001b52f298, RDI=0x000000000253dac0
R8 =0x0000000019a64800, R9 =0x0000000000000001, R10=0x0000000000008000, R11=0x000000001b52f0d0
R12=0x0000000000000000, R13=0x0000000019a5c4d8, R14=0x0000000000000000, R15=0x0000000000000000
RIP=0x000000005bbe8ad5, EFLAGS=0x0000000000010206

Top of Stack: (sp=0x000000001b52f180)
0x000000001b52f180:   0000000019a64800 0000000019a64800
0x000000001b52f190:   000000001b52f248 000000005bdee34b
0x000000001b52f1a0:   0000000019a64800 000000005be0abad
0x000000001b52f1b0:   0000000000000000 000000005ba59155
0x000000001b52f1c0:   000000001de0c160 000000005ba6291e
0x000000001b52f1d0:   0000000019a64800 0000000000000000
0x000000001b52f1e0:   0000000000000000 0000000000000000
0x000000001b52f1f0:   003b79003b79726f 000000005ba61a15
0x000000001b52f200:   000000001b52f298 000000001b52f270
0x000000001b52f210:   0000000000000001 000000001de0c160
0x000000001b52f220:   003b79003b79726f 000000005ba453b3
0x000000001b52f230:   000000001b52f360 0000000000000001
0x000000001b52f240:   0000000000000001 000000001de0c160
0x000000001b52f250:   0000000000000001 0000000000000000
0x000000001b52f260:   0000000000000000 0000000000000000
0x000000001b52f270:   0000000000000001 000000005ba45571 

Instructions: (pc=0x000000005bbe8ad5)
0x000000005bbe8ab5:   cc cc cc cc cc cc cc cc cc cc cc 48 83 ec 28 48
0x000000005bbe8ac5:   85 c9 75 07 33 c0 48 83 c4 28 c3 48 89 5c 24 20
0x000000005bbe8ad5:   48 8b 19 48 85 db 74 20 48 83 fb 37 74 1a 48 8b
0x000000005bbe8ae5:   13 48 8b cb ff 52 10 84 c0 74 0d 48 8b c3 48 8b 


Register to memory mapping:

RAX=0x000000001b52f101 is pointing into the stack for thread: 0x0000000019a64800
RBX=0x0000000019a64800 is a thread
RCX=0x003b79003b79726f is an unknown value
RDX=0x0000000000000000 is an unknown value
RSP=0x000000001b52f180 is pointing into the stack for thread: 0x0000000019a64800
RBP=0x003b79003b79726f is an unknown value
RSI=0x000000001b52f298 is pointing into the stack for thread: 0x0000000019a64800
RDI=0x000000000253dac0 is an unknown value
R8 =0x0000000019a64800 is a thread
R9 =0x0000000000000001 is an unknown value
R10=0x0000000000008000 is an unknown value
R11=0x000000001b52f0d0 is pointing into the stack for thread: 0x0000000019a64800
R12=0x0000000000000000 is an unknown value
R13=0x0000000019a5c4d8 is an unknown value
R14=0x0000000000000000 is an unknown value
R15=0x0000000000000000 is an unknown value


Stack: [0x000000001b430000,0x000000001b530000],  sp=0x000000001b52f180,  free space=1020k
Native frames: (J=compiled Java code, j=interpreted, Vv=VM code, C=native code)
V  [jvm.dll+0x128ad5]
V  [jvm.dll+0x34abad]
C  [jdwp.dll+0x21a15]
C  [jdwp.dll+0x53b3]
C  [jdwp.dll+0x5571]
C  [jdwp.dll+0xf0a8]
C  [jdwp.dll+0x1f2d5]
C  [jdwp.dll+0x1f4aa]
V  [jvm.dll+0x1bbb58]
V  [jvm.dll+0x243234]
V  [jvm.dll+0x29a10a]
C  [msvcr100.dll+0x21d9f]
C  [msvcr100.dll+0x21e3b]
C  [KERNEL32.DLL+0x17bd4]
C  [ntdll.dll+0x6ced1]


---------------  P R O C E S S  ---------------

Java Threads: ( => current thread )
  0x000000001dd29800 JavaThread "RMI TCP Connection(12)-127.0.0.1" daemon [_thread_in_native, id=9300, stack(0x0000000022f40000,0x0000000023040000)]
  0x000000001dd27800 JavaThread "DestroyJavaVM" [_thread_blocked, id=5420, stack(0x0000000002790000,0x0000000002890000)]
  0x000000001c1c2800 JavaThread "http-nio-8080-Acceptor" daemon [_thread_in_native, id=6820, stack(0x0000000022940000,0x0000000022a40000)]
  0x000000001c1c1000 JavaThread "http-nio-8080-ClientPoller" daemon [_thread_in_native, id=8448, stack(0x0000000022840000,0x0000000022940000)]
  0x000000001c1c0800 JavaThread "http-nio-8080-exec-10" daemon [_thread_blocked, id=7076, stack(0x0000000022740000,0x0000000022840000)]
  0x000000001c1bc000 JavaThread "http-nio-8080-exec-9" daemon [_thread_blocked, id=7328, stack(0x0000000022640000,0x0000000022740000)]
  0x000000001c1bf800 JavaThread "http-nio-8080-exec-8" daemon [_thread_blocked, id=8000, stack(0x0000000022540000,0x0000000022640000)]
  0x000000001c1bf000 JavaThread "http-nio-8080-exec-7" daemon [_thread_blocked, id=7072, stack(0x0000000022440000,0x0000000022540000)]
  0x000000001c1be000 JavaThread "http-nio-8080-exec-6" daemon [_thread_blocked, id=7944, stack(0x0000000022340000,0x0000000022440000)]
  0x000000001c1c2000 JavaThread "http-nio-8080-exec-5" daemon [_thread_blocked, id=8040, stack(0x0000000022240000,0x0000000022340000)]
  0x000000001c1bd800 JavaThread "http-nio-8080-exec-4" daemon [_thread_blocked, id=7988, stack(0x0000000022140000,0x0000000022240000)]
  0x000000001c1bc800 JavaThread "http-nio-8080-exec-3" daemon [_thread_blocked, id=7644, stack(0x0000000022040000,0x0000000022140000)]
  0x000000001e17b000 JavaThread "http-nio-8080-exec-2" daemon [_thread_blocked, id=7660, stack(0x0000000021f40000,0x0000000022040000)]
  0x000000001e181000 JavaThread "http-nio-8080-exec-1" daemon [_thread_blocked, id=7580, stack(0x0000000021e40000,0x0000000021f40000)]
  0x000000001e17a800 JavaThread "http-nio-8080-BlockPoller" daemon [_thread_in_native, id=7668, stack(0x0000000021d40000,0x0000000021e40000)]
  0x000000001e17c000 JavaThread "JMX server connection timeout 30" daemon [_thread_blocked, id=2188, stack(0x0000000020270000,0x0000000020370000)]
  0x000000001e17f800 JavaThread "RMI TCP Connection(11)-127.0.0.1" daemon [_thread_in_native, id=9108, stack(0x0000000020170000,0x0000000020270000)]
  0x000000001e17d800 JavaThread "HikariPool-1 housekeeper" daemon [_thread_blocked, id=3380, stack(0x000000001fb70000,0x000000001fc70000)]
  0x000000001e17f000 JavaThread "PostgreSQL-JDBC-SharedTimer-1" daemon [_thread_blocked, id=2680, stack(0x000000001fa70000,0x000000001fb70000)]
  0x000000001e077800 JavaThread "container-0" [_thread_blocked, id=7424, stack(0x000000001f870000,0x000000001f970000)]
  0x000000001e05e800 JavaThread "Catalina-utility-2" [_thread_blocked, id=2208, stack(0x000000001f670000,0x000000001f770000)]
  0x000000001e091000 JavaThread "Catalina-utility-1" [_thread_blocked, id=2252, stack(0x000000001f570000,0x000000001f670000)]
  0x000000001c3b5800 JavaThread "JMX server connection timeout 20" daemon [_thread_blocked, id=3284, stack(0x000000001d1a0000,0x000000001d2a0000)]
  0x000000001c3a1800 JavaThread "RMI Scheduler(0)" daemon [_thread_blocked, id=8080, stack(0x000000001cfa0000,0x000000001d0a0000)]
  0x000000001c10b800 JavaThread "RMI TCP Accept-0" daemon [_thread_in_native, id=5676, stack(0x000000001c930000,0x000000001ca30000)]
  0x000000001c0f4000 JavaThread "RMI TCP Accept-49905" daemon [_thread_in_native, id=5868, stack(0x000000001c830000,0x000000001c930000)]
  0x000000001c0e1800 JavaThread "RMI TCP Accept-0" daemon [_thread_in_native, id=3168, stack(0x000000001c730000,0x000000001c830000)]
  0x0000000019aae800 JavaThread "Service Thread" daemon [_thread_blocked, id=8596, stack(0x000000001be30000,0x000000001bf30000)]
  0x0000000019aa1800 JavaThread "C1 CompilerThread2" daemon [_thread_blocked, id=8276, stack(0x000000001b930000,0x000000001ba30000)]
  0x0000000019a86800 JavaThread "C2 CompilerThread1" daemon [_thread_blocked, id=7028, stack(0x000000001b830000,0x000000001b930000)]
  0x0000000019a78800 JavaThread "C2 CompilerThread0" daemon [_thread_blocked, id=4700, stack(0x000000001b730000,0x000000001b830000)]
  0x0000000019a6d000 JavaThread "JDWP Command Reader" daemon [_thread_in_native, id=4108, stack(0x000000001b630000,0x000000001b730000)]
  0x0000000019a69800 JavaThread "JDWP Event Helper Thread" daemon [_thread_blocked, id=4324, stack(0x000000001b530000,0x000000001b630000)]
=>0x0000000019a64800 JavaThread "JDWP Transport Listener: dt_socket" daemon [_thread_in_vm, id=7120, stack(0x000000001b430000,0x000000001b530000)]
  0x0000000019a51800 JavaThread "Attach Listener" daemon [_thread_blocked, id=5824, stack(0x000000001aff0000,0x000000001b0f0000)]
  0x0000000019a50000 JavaThread "Signal Dispatcher" daemon [_thread_blocked, id=5840, stack(0x000000001aef0000,0x000000001aff0000)]
  0x000000000298a800 JavaThread "Finalizer" daemon [_thread_blocked, id=9592, stack(0x000000001acd0000,0x000000001add0000)]
  0x0000000002982000 JavaThread "Reference Handler" daemon [_thread_blocked, id=2064, stack(0x000000001abd0000,0x000000001acd0000)]

Other Threads:
  0x0000000019a17800 VMThread [stack: 0x000000001aad0000,0x000000001abd0000] [id=8488]
  0x000000001c10c800 WatcherThread [stack: 0x000000001ca30000,0x000000001cb30000] [id=6196]

VM state:not at safepoint (normal execution)

VM Mutex/Monitor currently owned by a thread: None

Heap:
 PSYoungGen      total 157184K, used 95681K [0x0000000780700000, 0x000000078b480000, 0x00000007c0000000)
  eden space 142848K, 56% used [0x0000000780700000,0x0000000785676188,0x0000000789280000)
  from space 14336K, 99% used [0x000000078a680000,0x000000078b47a5c8,0x000000078b480000)
  to   space 16896K, 0% used [0x0000000789380000,0x0000000789380000,0x000000078a400000)
 ParOldGen       total 133120K, used 18873K [0x0000000701400000, 0x0000000709600000, 0x0000000780700000)
  object space 133120K, 14% used [0x0000000701400000,0x000000070266e4f8,0x0000000709600000)
 Metaspace       used 54782K, capacity 57174K, committed 57512K, reserved 1099776K
  class space    used 7295K, capacity 7761K, committed 7856K, reserved 1048576K

Card table byte_map: [0x0000000011d50000,0x0000000012350000] byte_map_base: 0x000000000e546000

Marking Bits: (ParMarkBitMap*) 0x000000005c2cf600
 Begin Bits: [0x0000000012b50000, 0x0000000015b00000)
 End Bits:   [0x0000000015b00000, 0x0000000018ab0000)

Polling page: 0x00000000024e0000

CodeCache: size=245760Kb used=9952Kb max_used=9952Kb free=235807Kb
 bounds [0x0000000002990000, 0x0000000003350000, 0x0000000011990000]
 total_blobs=5495 nmethods=4717 adapters=696
 compilation: enabled

Compilation events (10 events):
Event: 116.351 Thread 0x0000000019aa1800 4776       1       java.nio.channels.spi.AbstractSelector::end (5 bytes)
Event: 116.353 Thread 0x0000000019aa1800 nmethod 4776 0x0000000003347850 code [0x00000000033479c0, 0x0000000003347cf0]
Event: 116.353 Thread 0x0000000019aa1800 4777       1       sun.nio.ch.WindowsSelectorImpl$FinishLock::access$700 (5 bytes)
Event: 116.353 Thread 0x0000000019aa1800 nmethod 4777 0x0000000003347f10 code [0x0000000003348060, 0x0000000003348188]
Event: 116.529 Thread 0x0000000019aa1800 4778   !   1       org.apache.tomcat.util.net.NioEndpoint$Poller::events (119 bytes)
Event: 116.530 Thread 0x0000000019aa1800 nmethod 4778 0x0000000003348210 code [0x00000000033483e0, 0x0000000003348968]
Event: 117.336 Thread 0x0000000019aa1800 4779       1       java.util.concurrent.locks.AbstractQueuedSynchronizer::unparkSuccessor (84 bytes)
Event: 117.338 Thread 0x0000000019aa1800 nmethod 4779 0x0000000003348dd0 code [0x0000000003348f40, 0x0000000003349168]
Event: 123.668 Thread 0x0000000019aa1800 4781       1       java.util.concurrent.ConcurrentHashMap$ValueIterator::next (34 bytes)
Event: 123.669 Thread 0x0000000019aa1800 nmethod 4781 0x0000000003349690 code [0x0000000003349800, 0x0000000003349a38]

GC Heap History (10 events):
Event: 3.074 GC heap before
{Heap before GC invocations=6 (full 1):
 PSYoungGen      total 77312K, used 77288K [0x0000000780700000, 0x0000000787180000, 0x00000007c0000000)
  eden space 74752K, 100% used [0x0000000780700000,0x0000000785000000,0x0000000785000000)
  from space 2560K, 99% used [0x0000000786f00000,0x000000078717a350,0x0000000787180000)
  to   space 8192K, 0% used [0x0000000786180000,0x0000000786180000,0x0000000786980000)
 ParOldGen       total 80384K, used 7624K [0x0000000701400000, 0x0000000706280000, 0x0000000780700000)
  object space 80384K, 9% used [0x0000000701400000,0x0000000701b72090,0x0000000706280000)
 Metaspace       used 26486K, capacity 27650K, committed 27952K, reserved 1073152K
  class space    used 3550K, capacity 3819K, committed 3888K, reserved 1048576K
Event: 3.085 GC heap after
Heap after GC invocations=6 (full 1):
 PSYoungGen      total 100864K, used 8191K [0x0000000780700000, 0x0000000788b00000, 0x00000007c0000000)
  eden space 92672K, 0% used [0x0000000780700000,0x0000000780700000,0x0000000786180000)
  from space 8192K, 99% used [0x0000000786180000,0x000000078697ffc8,0x0000000786980000)
  to   space 11776K, 0% used [0x0000000787f80000,0x0000000787f80000,0x0000000788b00000)
 ParOldGen       total 80384K, used 8265K [0x0000000701400000, 0x0000000706280000, 0x0000000780700000)
  object space 80384K, 10% used [0x0000000701400000,0x0000000701c126c8,0x0000000706280000)
 Metaspace       used 26486K, capacity 27650K, committed 27952K, reserved 1073152K
  class space    used 3550K, capacity 3819K, committed 3888K, reserved 1048576K
}
Event: 4.265 GC heap before
{Heap before GC invocations=7 (full 1):
 PSYoungGen      total 100864K, used 98076K [0x0000000780700000, 0x0000000788b00000, 0x00000007c0000000)
  eden space 92672K, 96% used [0x0000000780700000,0x0000000785ec7210,0x0000000786180000)
  from space 8192K, 99% used [0x0000000786180000,0x000000078697ffc8,0x0000000786980000)
  to   space 11776K, 0% used [0x0000000787f80000,0x0000000787f80000,0x0000000788b00000)
 ParOldGen       total 80384K, used 8265K [0x0000000701400000, 0x0000000706280000, 0x0000000780700000)
  object space 80384K, 10% used [0x0000000701400000,0x0000000701c126c8,0x0000000706280000)
 Metaspace       used 33795K, capacity 35404K, committed 35496K, reserved 1079296K
  class space    used 4432K, capacity 4754K, committed 4784K, reserved 1048576K
Event: 4.280 GC heap after
Heap after GC invocations=7 (full 1):
 PSYoungGen      total 121856K, used 11354K [0x0000000780700000, 0x000000078a580000, 0x00000007c0000000)
  eden space 110080K, 0% used [0x0000000780700000,0x0000000780700000,0x0000000787280000)
  from space 11776K, 96% used [0x0000000787f80000,0x0000000788a96948,0x0000000788b00000)
  to   space 13312K, 0% used [0x0000000787280000,0x0000000787280000,0x0000000787f80000)
 ParOldGen       total 80384K, used 8337K [0x0000000701400000, 0x0000000706280000, 0x0000000780700000)
  object space 80384K, 10% used [0x0000000701400000,0x0000000701c246d8,0x0000000706280000)
 Metaspace       used 33795K, capacity 35404K, committed 35496K, reserved 1079296K
  class space    used 4432K, capacity 4754K, committed 4784K, reserved 1048576K
}
Event: 4.280 GC heap before
{Heap before GC invocations=8 (full 2):
 PSYoungGen      total 121856K, used 11354K [0x0000000780700000, 0x000000078a580000, 0x00000007c0000000)
  eden space 110080K, 0% used [0x0000000780700000,0x0000000780700000,0x0000000787280000)
  from space 11776K, 96% used [0x0000000787f80000,0x0000000788a96948,0x0000000788b00000)
  to   space 13312K, 0% used [0x0000000787280000,0x0000000787280000,0x0000000787f80000)
 ParOldGen       total 80384K, used 8337K [0x0000000701400000, 0x0000000706280000, 0x0000000780700000)
  object space 80384K, 10% used [0x0000000701400000,0x0000000701c246d8,0x0000000706280000)
 Metaspace       used 33795K, capacity 35404K, committed 35496K, reserved 1079296K
  class space    used 4432K, capacity 4754K, committed 4784K, reserved 1048576K
Event: 4.366 GC heap after
Heap after GC invocations=8 (full 2):
 PSYoungGen      total 121856K, used 0K [0x0000000780700000, 0x000000078a580000, 0x00000007c0000000)
  eden space 110080K, 0% used [0x0000000780700000,0x0000000780700000,0x0000000787280000)
  from space 11776K, 0% used [0x0000000787f80000,0x0000000787f80000,0x0000000788b00000)
  to   space 13312K, 0% used [0x0000000787280000,0x0000000787280000,0x0000000787f80000)
 ParOldGen       total 133120K, used 16842K [0x0000000701400000, 0x0000000709600000, 0x0000000780700000)
  object space 133120K, 12% used [0x0000000701400000,0x0000000702472be0,0x0000000709600000)
 Metaspace       used 33795K, capacity 35404K, committed 35496K, reserved 1079296K
  class space    used 4432K, capacity 4754K, committed 4784K, reserved 1048576K
}
Event: 5.665 GC heap before
{Heap before GC invocations=9 (full 2):
 PSYoungGen      total 121856K, used 110080K [0x0000000780700000, 0x000000078a580000, 0x00000007c0000000)
  eden space 110080K, 100% used [0x0000000780700000,0x0000000787280000,0x0000000787280000)
  from space 11776K, 0% used [0x0000000787f80000,0x0000000787f80000,0x0000000788b00000)
  to   space 13312K, 0% used [0x0000000787280000,0x0000000787280000,0x0000000787f80000)
 ParOldGen       total 133120K, used 16842K [0x0000000701400000, 0x0000000709600000, 0x0000000780700000)
  object space 133120K, 12% used [0x0000000701400000,0x0000000702472be0,0x0000000709600000)
 Metaspace       used 42330K, capacity 44050K, committed 44456K, reserved 1087488K
  class space    used 5712K, capacity 6045K, committed 6064K, reserved 1048576K
Event: 5.675 GC heap after
Heap after GC invocations=9 (full 2):
 PSYoungGen      total 123392K, used 10548K [0x0000000780700000, 0x000000078b480000, 0x00000007c0000000)
  eden space 110080K, 0% used [0x0000000780700000,0x0000000780700000,0x0000000787280000)
  from space 13312K, 79% used [0x0000000787280000,0x0000000787ccd078,0x0000000787f80000)
  to   space 14336K, 0% used [0x000000078a680000,0x000000078a680000,0x000000078b480000)
 ParOldGen       total 133120K, used 16850K [0x0000000701400000, 0x0000000709600000, 0x0000000780700000)
  object space 133120K, 12% used [0x0000000701400000,0x0000000702474be0,0x0000000709600000)
 Metaspace       used 42330K, capacity 44050K, committed 44456K, reserved 1087488K
  class space    used 5712K, capacity 6045K, committed 6064K, reserved 1048576K
}
Event: 21.958 GC heap before
{Heap before GC invocations=10 (full 2):
 PSYoungGen      total 123392K, used 120628K [0x0000000780700000, 0x000000078b480000, 0x00000007c0000000)
  eden space 110080K, 100% used [0x0000000780700000,0x0000000787280000,0x0000000787280000)
  from space 13312K, 79% used [0x0000000787280000,0x0000000787ccd078,0x0000000787f80000)
  to   space 14336K, 0% used [0x000000078a680000,0x000000078a680000,0x000000078b480000)
 ParOldGen       total 133120K, used 16850K [0x0000000701400000, 0x0000000709600000, 0x0000000780700000)
  object space 133120K, 12% used [0x0000000701400000,0x0000000702474be0,0x0000000709600000)
 Metaspace       used 49807K, capacity 52036K, committed 52136K, reserved 1093632K
  class space    used 6648K, capacity 7083K, committed 7088K, reserved 1048576K
Event: 21.974 GC heap after
Heap after GC invocations=10 (full 2):
 PSYoungGen      total 157184K, used 14313K [0x0000000780700000, 0x000000078b480000, 0x00000007c0000000)
  eden space 142848K, 0% used [0x0000000780700000,0x0000000780700000,0x0000000789280000)
  from space 14336K, 99% used [0x000000078a680000,0x000000078b47a5c8,0x000000078b480000)
  to   space 16896K, 0% used [0x0000000789380000,0x0000000789380000,0x000000078a400000)
 ParOldGen       total 133120K, used 18873K [0x0000000701400000, 0x0000000709600000, 0x0000000780700000)
  object space 133120K, 14% used [0x0000000701400000,0x000000070266e4f8,0x0000000709600000)
 Metaspace       used 49807K, capacity 52036K, committed 52136K, reserved 1093632K
  class space    used 6648K, capacity 7083K, committed 7088K, reserved 1048576K
}

Deoptimization events (0 events):
No events

Internal exceptions (10 events):
Event: 22.394 Thread 0x000000001e181000 Exception <a 'java/lang/ClassNotFoundException': org/thymeleaf/model/AttributeValueQuotesBeanInfo> (0x0000000782a35a58) thrown at [C:\re\workspace\8-2-build-windows-amd64-cygwin\jdk8u71\5731\hotspot\src\share\vm\classfile\systemDictionary.cpp, line 210]
Event: 22.397 Thread 0x000000001e181000 Exception <a 'java/lang/ClassNotFoundException': org/thymeleaf/model/AttributeValueQuotesCustomizer> (0x0000000782a4cc88) thrown at [C:\re\workspace\8-2-build-windows-amd64-cygwin\jdk8u71\5731\hotspot\src\share\vm\classfile\systemDictionary.cpp, line 210]
Event: 22.398 Thread 0x000000001e181000 Exception <a 'java/lang/ArrayIndexOutOfBoundsException'> (0x0000000782a4eab0) thrown at [C:\re\workspace\8-2-build-windows-amd64-cygwin\jdk8u71\5731\hotspot\src\share\vm\runtime\sharedRuntime.cpp, line 605]
Event: 22.406 Thread 0x000000001e181000 Exception <a 'java/lang/ClassNotFoundException': org/thymeleaf/engine/ElementTagStructureHandlerBeanInfo> (0x0000000782bf2ee8) thrown at [C:\re\workspace\8-2-build-windows-amd64-cygwin\jdk8u71\5731\hotspot\src\share\vm\classfile\systemDictionary.cpp, line øé.?&h6@
Event: 22.407 Thread 0x000000001e181000 Exception <a 'java/lang/ClassNotFoundException': org/thymeleaf/engine/ElementTagStructureHandlerCustomizer> (0x0000000782c0bd48) thrown at [C:\re\workspace\8-2-build-windows-amd64-cygwin\jdk8u71\5731\hotspot\src\share\vm\classfile\systemDictionary.cpp, lin1¦ªÎD@
Event: 40.123 Thread 0x000000001e17b000 Exception <a 'java/lang/ArrayIndexOutOfBoundsException'> (0x00000007848bc3f0) thrown at [C:\re\workspace\8-2-build-windows-amd64-cygwin\jdk8u71\5731\hotspot\src\share\vm\runtime\sharedRuntime.cpp, line 605]
Event: 40.124 Thread 0x000000001e17b000 Exception <a 'java/lang/ArrayIndexOutOfBoundsException'> (0x00000007848bd800) thrown at [C:\re\workspace\8-2-build-windows-amd64-cygwin\jdk8u71\5731\hotspot\src\share\vm\runtime\sharedRuntime.cpp, line 605]
Event: 40.260 Thread 0x000000001e17b000 Exception <a 'java/lang/ArrayIndexOutOfBoundsException'> (0x000000078500ac48) thrown at [C:\re\workspace\8-2-build-windows-amd64-cygwin\jdk8u71\5731\hotspot\src\share\vm\runtime\sharedRuntime.cpp, line 605]
Event: 40.288 Thread 0x000000001e17b000 Exception <a 'java/lang/ArrayIndexOutOfBoundsException'> (0x0000000785167a20) thrown at [C:\re\workspace\8-2-build-windows-amd64-cygwin\jdk8u71\5731\hotspot\src\share\vm\runtime\sharedRuntime.cpp, line 605]
Event: 40.302 Thread 0x000000001e17b000 Exception <a 'java/lang/ArrayIndexOutOfBoundsException'> (0x0000000785258d38) thrown at [C:\re\workspace\8-2-build-windows-amd64-cygwin\jdk8u71\5731\hotspot\src\share\vm\runtime\sharedRuntime.cpp, line 605]

Events (10 events):
Event: 82.516 Executing VM operation: RevokeBias
Event: 82.517 Executing VM operation: RevokeBias done
Event: 91.017 Thread 0x000000001dd29000 Thread exited: 0x000000001dd29000
Event: 91.017 Thread 0x000000001dd28000 Thread exited: 0x000000001dd28000
Event: 91.017 Thread 0x000000001dd25000 Thread exited: 0x000000001dd25000
Event: 91.017 Thread 0x000000001c39f800 Thread exited: 0x000000001c39f800
Event: 91.028 Thread 0x000000001dd23000 Thread exited: 0x000000001dd23000
Event: 91.029 Thread 0x000000001c3a4000 Thread exited: 0x000000001c3a4000
Event: 126.563 Executing VM operation: RedefineClasses
Event: 126.587 Executing VM operation: RedefineClasses done


Dynamic libraries:
0x00007ff693430000 - 0x00007ff693467000 	C:\Program Files\Java\jre1.8.0_71\bin\javaw.exe
0x00007ff92d940000 - 0x00007ff92db30000 	C:\Windows\SYSTEM32\ntdll.dll
0x00007ff92d240000 - 0x00007ff92d2f2000 	C:\Windows\System32\KERNEL32.DLL
0x00007ff92acf0000 - 0x00007ff92af93000 	C:\Windows\System32\KERNELBASE.dll
0x00007ff92c1f0000 - 0x00007ff92c293000 	C:\Windows\System32\ADVAPI32.dll
0x00007ff92d300000 - 0x00007ff92d39e000 	C:\Windows\System32\msvcrt.dll
0x00007ff92c2a0000 - 0x00007ff92c337000 	C:\Windows\System32\sechost.dll
0x00007ff92c450000 - 0x00007ff92c570000 	C:\Windows\System32\RPCRT4.dll
0x00007ff92c050000 - 0x00007ff92c1e4000 	C:\Windows\System32\USER32.dll
0x00007ff92b9c0000 - 0x00007ff92b9e1000 	C:\Windows\System32\win32u.dll
0x00007ff92c3a0000 - 0x00007ff92c3c6000 	C:\Windows\System32\GDI32.dll
0x00007ff92a900000 - 0x00007ff92aa94000 	C:\Windows\System32\gdi32full.dll
0x00007ff92b870000 - 0x00007ff92b90e000 	C:\Windows\System32\msvcp_win.dll
0x00007ff92abf0000 - 0x00007ff92acea000 	C:\Windows\System32\ucrtbase.dll
0x00007ff9195e0000 - 0x00007ff919865000 	C:\Windows\WinSxS\amd64_microsoft.windows.common-controls_6595b64144ccf1df_6.0.18362.418_none_e6c6b287130d565d\COMCTL32.dll
0x00007ff92d5c0000 - 0x00007ff92d8f6000 	C:\Windows\System32\combase.dll
0x00007ff92b7f0000 - 0x00007ff92b870000 	C:\Windows\System32\bcryptPrimitives.dll
0x00007ff92bcb0000 - 0x00007ff92bcde000 	C:\Windows\System32\IMM32.DLL
0x000000005c350000 - 0x000000005c422000 	C:\Program Files\Java\jre1.8.0_71\bin\msvcr100.dll
0x000000005bac0000 - 0x000000005c34f000 	C:\Program Files\Java\jre1.8.0_71\bin\server\jvm.dll
0x00007ff92d5b0000 - 0x00007ff92d5b8000 	C:\Windows\System32\PSAPI.DLL
0x00007ff90fc80000 - 0x00007ff90fc89000 	C:\Windows\SYSTEM32\WSOCK32.dll
0x00007ff92c3e0000 - 0x00007ff92c44f000 	C:\Windows\System32\WS2_32.dll
0x00007ff9280e0000 - 0x00007ff928104000 	C:\Windows\SYSTEM32\WINMM.dll
0x00007ff91d560000 - 0x00007ff91d56a000 	C:\Windows\SYSTEM32\VERSION.dll
0x00007ff9280b0000 - 0x00007ff9280dd000 	C:\Windows\SYSTEM32\winmmbase.dll
0x00007ff92b7a0000 - 0x00007ff92b7ea000 	C:\Windows\System32\cfgmgr32.dll
0x000000005bab0000 - 0x000000005babf000 	C:\Program Files\Java\jre1.8.0_71\bin\verify.dll
0x000000005ba80000 - 0x000000005baa9000 	C:\Program Files\Java\jre1.8.0_71\bin\java.dll
0x000000005ba40000 - 0x000000005ba75000 	C:\Program Files\Java\jre1.8.0_71\bin\jdwp.dll
0x000000005ba30000 - 0x000000005ba38000 	C:\Program Files\Java\jre1.8.0_71\bin\npt.dll
0x000000005ba10000 - 0x000000005ba26000 	C:\Program Files\Java\jre1.8.0_71\bin\zip.dll
0x00007ff92c600000 - 0x00007ff92cce5000 	C:\Windows\System32\SHELL32.dll
0x00007ff92b9f0000 - 0x00007ff92ba99000 	C:\Windows\System32\shcore.dll
0x00007ff92b020000 - 0x00007ff92b79f000 	C:\Windows\System32\windows.storage.dll
0x00007ff92a8b0000 - 0x00007ff92a8cf000 	C:\Windows\System32\profapi.dll
0x00007ff92a840000 - 0x00007ff92a88a000 	C:\Windows\System32\powrprof.dll
0x00007ff92a810000 - 0x00007ff92a820000 	C:\Windows\System32\UMPDC.dll
0x00007ff92ccf0000 - 0x00007ff92cd42000 	C:\Windows\System32\shlwapi.dll
0x00007ff92a820000 - 0x00007ff92a831000 	C:\Windows\System32\kernel.appcore.dll
0x00007ff92afa0000 - 0x00007ff92afb7000 	C:\Windows\System32\cryptsp.dll
0x000000005ba00000 - 0x000000005ba09000 	C:\Program Files\Java\jre1.8.0_71\bin\dt_socket.dll
0x00007ff908620000 - 0x00007ff908636000 	C:\Windows\system32\napinsp.dll
0x00007ff908600000 - 0x00007ff90861a000 	C:\Windows\system32\pnrpnsp.dll
0x00007ff92a020000 - 0x00007ff92a087000 	C:\Windows\System32\mswsock.dll
0x00007ff929d70000 - 0x00007ff929e3a000 	C:\Windows\SYSTEM32\DNSAPI.dll
0x00007ff92c570000 - 0x00007ff92c578000 	C:\Windows\System32\NSI.dll
0x00007ff929d30000 - 0x00007ff929d6a000 	C:\Windows\SYSTEM32\IPHLPAPI.DLL
0x00007ff9085f0000 - 0x00007ff9085fe000 	C:\Windows\System32\winrnr.dll
0x00007ff925ba0000 - 0x00007ff925bbc000 	C:\Windows\system32\NLAapi.dll
0x00007ff925170000 - 0x00007ff925185000 	C:\Windows\system32\wshbth.dll
0x00007ff91d650000 - 0x00007ff91d6c7000 	C:\Windows\System32\fwpuclnt.dll
0x00007ff92a8d0000 - 0x00007ff92a8f6000 	C:\Windows\System32\bcrypt.dll
0x00007ff9184b0000 - 0x00007ff9184ba000 	C:\Windows\System32\rasadhlp.dll
0x000000005b9f0000 - 0x000000005b9fd000 	C:\Program Files\Java\jre1.8.0_71\bin\management.dll
0x000000005b9d0000 - 0x000000005b9ea000 	C:\Program Files\Java\jre1.8.0_71\bin\net.dll
0x000000005b9b0000 - 0x000000005b9c1000 	C:\Program Files\Java\jre1.8.0_71\bin\nio.dll
0x00007ff929b90000 - 0x00007ff929bc3000 	C:\Windows\system32\rsaenh.dll
0x00007ff92a730000 - 0x00007ff92a755000 	C:\Windows\SYSTEM32\USERENV.dll
0x00007ff92a1f0000 - 0x00007ff92a1fc000 	C:\Windows\SYSTEM32\CRYPTBASE.dll
0x00007ff91d750000 - 0x00007ff91d766000 	C:\Windows\SYSTEM32\dhcpcsvc6.DLL
0x00007ff921000000 - 0x00007ff92101c000 	C:\Windows\SYSTEM32\dhcpcsvc.DLL
0x00007ff929140000 - 0x00007ff929334000 	C:\Windows\SYSTEM32\dbghelp.dll

VM Arguments:
jvm_args: -agentlib:jdwp=transport=dt_socket,suspend=y,address=localhost:49906 -Dcom.sun.management.jmxremote -Dcom.sun.management.jmxremote.port=49905 -Dcom.sun.management.jmxremote.authenticate=false -Dcom.sun.management.jmxremote.ssl=false -Djava.rmi.server.hostname=localhost -Dspring.jmx.enabled=true -Dspring.application.admin.enabled=true -Xverify:none -XX:TieredStopAtLevel=1 -Dfile.encoding=UTF-8 
java_command: com.diesgut.medical.app.AppSpringbootApplication --spring.output.ansi.enabled=always
java_class_path (initial): C:\Users\arkin\Documents\workspace-spring-tool-suite-4-4.4.0.RELEASE\medical-app\target\classes;C:\Users\arkin\.m2\repository\org\springframework\boot\spring-boot-starter-thymeleaf\2.2.0.RELEASE\spring-boot-starter-thymeleaf-2.2.0.RELEASE.jar;C:\Users\arkin\.m2\repository\org\springframework\boot\spring-boot-starter\2.2.0.RELEASE\spring-boot-starter-2.2.0.RELEASE.jar;C:\Users\arkin\.m2\repository\org\springframework\boot\spring-boot\2.2.0.RELEASE\spring-boot-2.2.0.RELEASE.jar;C:\Users\arkin\.m2\repository\org\springframework\boot\spring-boot-autoconfigure\2.2.0.RELEASE\spring-boot-autoconfigure-2.2.0.RELEASE.jar;C:\Users\arkin\.m2\repository\org\springframework\boot\spring-boot-starter-logging\2.2.0.RELEASE\spring-boot-starter-logging-2.2.0.RELEASE.jar;C:\Users\arkin\.m2\repository\ch\qos\logback\logback-classic\1.2.3\logback-classic-1.2.3.jar;C:\Users\arkin\.m2\repository\ch\qos\logback\logback-core\1.2.3\logback-core-1.2.3.jar;C:\Users\arkin\.m2\repository\org\apache\logging\log4j\log4j-to-slf4j\2.12.1\log4j-to-slf4j-2.12.1.jar;C:\Users\arkin\.m2\repository\org\apache\logging\log4j\log4j-api\2.12.1\log4j-api-2.12.1.jar;C:\Users\arkin\.m2\repository\org\slf4j\jul-to-slf4j\1.7.28\jul-to-slf4j-1.7.28.jar;C:\Users\arkin\.m2\repository\jakarta\annotation\jakarta.annotation-api\1.3.5\jakarta.annotation-api-1.3.5.jar;C:\Users\arkin\.m2\repository\org\yaml\snakeyaml\1.25\snakeyaml-1.25.jar;C:\Users\arkin\.m2\repository\org\thymeleaf\thymeleaf-spring5\3.0.11.RELEASE\thymeleaf-spring5-3.0.11.RELEASE.jar;C:\Users\arkin\.m2\repository\org\slf4j\slf4j-api\1.7.28\slf4j-api-1.7.28.jar;C:\Users\arkin\.m2\repository\org\thymeleaf\extras\thymeleaf-extras-java8time\3.0.4.RELEASE\thymeleaf-extras-java8time-3.0.4.RELEASE.jar;C:\Users\arkin\.m2\repository\nz\net\ultraq\thymeleaf\thymeleaf-layout-dialect\2.3.0\thymeleaf-layout-dialect-2.3.0.jar;C:\Users\arkin\.m2\repository\nz\net\ultraq\thymeleaf\thymeleaf-expression-processor\1.1.3\thymeleaf-expression-pro
Launcher Type: SUN_STANDARD

Environment Variables:
JAVA_HOME=C:\Program Files\Java\jdk1.8.0_71
PATH=C:/Program Files/AdoptOpenJDK/jdk-8.0.232.09-hotspot/bin/../jre/bin/server;C:/Program Files/AdoptOpenJDK/jdk-8.0.232.09-hotspot/bin/../jre/bin;C:/Program Files/AdoptOpenJDK/jdk-8.0.232.09-hotspot/bin/../jre/lib/amd64;C:\Program Files\AdoptOpenJDK\jdk-8.0.232.09-hotspot\bin;C:\ProgramData\Oracle\Java\javapath;C:\Windows\system32;C:\Windows;C:\Windows\System32\Wbem;C:\Windows\System32\WindowsPowerShell\v1.0\;C:\Windows\System32\OpenSSH\;C:\Program Files\Java\jdk1.8.0_71\bin;C:\apache-maven-3.6.2\bin;C:\Program Files\Git\cmd;C:\Program Files\PostgreSQL\10\bin;C:\Program Files\PuTTY\;C:\Users\arkin\AppData\Local\Microsoft\WindowsApps;;C:\Users\arkin\AppData\Local\Programs\Microsoft VS Code\bin;C:\Program Files\eclipse_sts;
USERNAME=arkin
OS=Windows_NT
PROCESSOR_IDENTIFIER=Intel64 Family 6 Model 142 Stepping 9, GenuineIntel



---------------  S Y S T E M  ---------------

OS: Windows 10.0 , 64 bit Build 18362 (10.0.18362.329)

CPU:total 4 (2 cores per cpu, 2 threads per core) family 6 model 142 stepping 9, cmov, cx8, fxsr, mmx, sse, sse2, sse3, ssse3, sse4.1, sse4.2, popcnt, avx, avx2, aes, clmul, erms, 3dnowpref, lzcnt, ht, tsc, tscinvbit, bmi1, bmi2, adx

Memory: 4k page, physical 12497740k(8645116k free), swap 16429900k(11957500k free)

vm_info: Java HotSpot(TM) 64-Bit Server VM (25.71-b15) for windows-amd64 JRE (1.8.0_71-b15), built on Dec 22 2015 18:15:55 by "java_re" with MS VC++ 10.0 (VS2010)

time: Fri Nov 01 12:03:31 2019
elapsed time: 126 seconds (0d 0h 2m 6s)

